<?xml version="1.0" encoding="UTF-8"?>
<testng-results ignored="0" total="1" passed="0" failed="1" skipped="0">
  <reporter-output>
  </reporter-output>
  <suite started-at="2020-03-18T20:20:42 IST" name="Regression Test Suite" finished-at="2020-03-18T20:20:54 IST" duration-ms="12626">
    <groups>
    </groups>
    <test started-at="2020-03-18T20:20:42 IST" name="App Test" finished-at="2020-03-18T20:20:54 IST" duration-ms="12626">
      <class name="com.floowdrive.testclasses.LandingTest">
        <test-method is-config="true" signature="setDevice()[pri:0, instance:com.floowdrive.testclasses.LandingTest@7ee955a8]" started-at="2020-03-18T20:20:42 IST" name="setDevice" finished-at="2020-03-18T20:20:54 IST" duration-ms="12428" status="PASS">
          <reporter-output>
          </reporter-output>
        </test-method> <!-- setDevice -->
        <test-method signature="valid_id_registration()[pri:0, instance:com.floowdrive.testclasses.LandingTest@7ee955a8]" started-at="2020-03-18T20:20:54 IST" name="valid_id_registration" finished-at="2020-03-18T20:20:54 IST" duration-ms="114" status="FAIL">
          <exception class="java.lang.NullPointerException">
            <full-stacktrace>
              <![CDATA[java.lang.NullPointerException
at com.floowdrive.testclasses.LandingTest.valid_id_registration(LandingTest.java:13)
at java.base/jdk.internal.reflect.NativeMethodAccessorImpl.invoke0(Native Method)
at java.base/jdk.internal.reflect.NativeMethodAccessorImpl.invoke(NativeMethodAccessorImpl.java:62)
at java.base/jdk.internal.reflect.DelegatingMethodAccessorImpl.invoke(DelegatingMethodAccessorImpl.java:43)
at java.base/java.lang.reflect.Method.invoke(Method.java:567)
at org.testng.internal.MethodInvocationHelper.invokeMethod(MethodInvocationHelper.java:134)
at org.testng.internal.TestInvoker.invokeMethod(TestInvoker.java:597)
at org.testng.internal.TestInvoker.invokeTestMethod(TestInvoker.java:173)
at org.testng.internal.MethodRunner.runInSequence(MethodRunner.java:46)
at org.testng.internal.TestInvoker$MethodInvocationAgent.invoke(TestInvoker.java:816)
at org.testng.internal.TestInvoker.invokeTestMethods(TestInvoker.java:146)
at org.testng.internal.TestMethodWorker.invokeTestMethods(TestMethodWorker.java:146)
at org.testng.internal.TestMethodWorker.run(TestMethodWorker.java:128)
at java.base/java.util.ArrayList.forEach(ArrayList.java:1507)
at org.testng.TestRunner.privateRun(TestRunner.java:766)
at org.testng.TestRunner.run(TestRunner.java:587)
at org.testng.SuiteRunner.runTest(SuiteRunner.java:384)
at org.testng.SuiteRunner.runSequentially(SuiteRunner.java:378)
at org.testng.SuiteRunner.privateRun(SuiteRunner.java:337)
at org.testng.SuiteRunner.run(SuiteRunner.java:286)
at org.testng.SuiteRunnerWorker.runSuite(SuiteRunnerWorker.java:53)
at org.testng.SuiteRunnerWorker.run(SuiteRunnerWorker.java:96)
at org.testng.TestNG.runSuitesSequentially(TestNG.java:1187)
at org.testng.TestNG.runSuitesLocally(TestNG.java:1109)
at org.testng.TestNG.runSuites(TestNG.java:1039)
at org.testng.TestNG.run(TestNG.java:1007)
at org.testng.remote.AbstractRemoteTestNG.run(AbstractRemoteTestNG.java:115)
at org.testng.remote.RemoteTestNG.initAndRun(RemoteTestNG.java:251)
at org.testng.remote.RemoteTestNG.main(RemoteTestNG.java:77)
]]>
            </full-stacktrace>
          </exception> <!-- java.lang.NullPointerException -->
          <reporter-output>
          </reporter-output>
        </test-method> <!-- valid_id_registration -->
        <test-method is-config="true" signature="teardown()[pri:0, instance:com.floowdrive.testclasses.LandingTest@7ee955a8]" started-at="2020-03-18T20:20:54 IST" name="teardown" finished-at="2020-03-18T20:20:54 IST" duration-ms="1" status="PASS">
          <reporter-output>
          </reporter-output>
        </test-method> <!-- teardown -->
      </class> <!-- com.floowdrive.testclasses.LandingTest -->
    </test> <!-- App Test -->
  </suite> <!-- Regression Test Suite -->
</testng-results>
