<?xml version="1.0" encoding="UTF-8"?>
<!-- Generated by org.testng.reporters.JUnitXMLReporter -->
<testsuite ignored="0" hostname="LAPTOP-APJF2TRE" failures="1" tests="1" name="App Test" time="12.626" errors="0" timestamp="2020-03-18T20:20:54 IST">
  <testcase classname="com.floowdrive.testclasses.LandingTest" name="valid_id_registration" time="0.114">
    <failure type="java.lang.NullPointerException">
      <![CDATA[java.lang.NullPointerException
at com.floowdrive.testclasses.LandingTest.valid_id_registration(LandingTest.java:13)
at java.base/java.util.ArrayList.forEach(ArrayList.java:1507)
... Removed 27 stack frames]]>
    </failure>
  </testcase> <!-- valid_id_registration -->
</testsuite> <!-- App Test -->
